2019-01-04 15:06:21 [main] ERROR com.dyw.queue.service.DatabaseService -连接数据库失败：com.microsoft.sqlserver.jdbc.SQLServerException: 通过端口 1433 连接到主机 null 的 TCP/IP 连接失败。错误:“null。请验证连接属性。确保 SQL Server 的实例正在主机上运行，且在此端口接受 TCP/IP 连接，还要确保防火墙没有阻止到此端口的 TCP 连接。”。
2019-01-04 15:06:21 [main] ERROR com.dyw.queue.controller.Egci -连接数据库和获取全部设备IP失败：
java.lang.NullPointerException: null
	at com.dyw.queue.controller.Egci.<init>(Egci.java:67)
	at com.dyw.queue.controller.Egci.main(Egci.java:307)
2019-01-04 15:06:21 [main] ERROR com.dyw.queue.controller.Egci -错误：
java.lang.NullPointerException: null
	at com.dyw.queue.controller.Egci.<init>(Egci.java:98)
	at com.dyw.queue.controller.Egci.main(Egci.java:307)
2019-01-04 15:06:21 [main] ERROR com.dyw.queue.controller.Egci -人脸通行服务程序出现严重错误,需要被关闭
2019-01-04 16:04:30 [main] ERROR com.dyw.queue.service.DatabaseService -连接数据库失败：com.microsoft.sqlserver.jdbc.SQLServerException: 通过端口 1433 连接到主机 null 的 TCP/IP 连接失败。错误:“null。请验证连接属性。确保 SQL Server 的实例正在主机上运行，且在此端口接受 TCP/IP 连接，还要确保防火墙没有阻止到此端口的 TCP 连接。”。
2019-01-04 16:04:30 [main] ERROR com.dyw.queue.controller.Egci -连接数据库和获取全部设备IP失败：
java.lang.NullPointerException: null
	at com.dyw.queue.controller.Egci.<init>(Egci.java:70)
	at com.dyw.queue.controller.Egci.main(Egci.java:335)
2019-01-04 16:04:30 [main] ERROR com.dyw.queue.controller.Egci -错误：
java.lang.NullPointerException: null
	at com.dyw.queue.controller.Egci.<init>(Egci.java:101)
	at com.dyw.queue.controller.Egci.main(Egci.java:335)
2019-01-04 16:04:30 [main] ERROR com.dyw.queue.controller.Egci -人脸通行服务程序出现严重错误,需要被关闭
2019-01-04 16:50:49 [main] ERROR com.dyw.queue.service.DatabaseService -连接数据库失败：com.microsoft.sqlserver.jdbc.SQLServerException: 通过端口 1433 连接到主机 null 的 TCP/IP 连接失败。错误:“null。请验证连接属性。确保 SQL Server 的实例正在主机上运行，且在此端口接受 TCP/IP 连接，还要确保防火墙没有阻止到此端口的 TCP 连接。”。
2019-01-04 16:50:49 [main] ERROR com.dyw.queue.controller.Egci -连接数据库和获取全部设备IP失败：
java.lang.NullPointerException: null
	at com.dyw.queue.controller.Egci.<init>(Egci.java:70)
	at com.dyw.queue.controller.Egci.main(Egci.java:334)
2019-01-04 16:50:49 [main] ERROR com.dyw.queue.controller.Egci -错误：
java.lang.NullPointerException: null
	at com.dyw.queue.controller.Egci.<init>(Egci.java:101)
	at com.dyw.queue.controller.Egci.main(Egci.java:334)
2019-01-04 16:50:49 [main] ERROR com.dyw.queue.controller.Egci -人脸通行服务程序出现严重错误,需要被关闭
2019-01-04 17:26:05 [main] ERROR com.dyw.queue.service.DatabaseService -连接数据库失败：com.microsoft.sqlserver.jdbc.SQLServerException: 通过端口 1433 连接到主机 null 的 TCP/IP 连接失败。错误:“null。请验证连接属性。确保 SQL Server 的实例正在主机上运行，且在此端口接受 TCP/IP 连接，还要确保防火墙没有阻止到此端口的 TCP 连接。”。
2019-01-04 17:26:05 [main] ERROR com.dyw.queue.controller.Egci -连接数据库和获取全部设备IP失败：
java.lang.NullPointerException: null
	at com.dyw.queue.controller.Egci.<init>(Egci.java:70)
	at com.dyw.queue.controller.Egci.main(Egci.java:334)
2019-01-04 17:26:05 [main] ERROR com.dyw.queue.controller.Egci -错误：
java.lang.NullPointerException: null
	at com.dyw.queue.controller.Egci.<init>(Egci.java:101)
	at com.dyw.queue.controller.Egci.main(Egci.java:334)
2019-01-04 17:26:05 [main] ERROR com.dyw.queue.controller.Egci -人脸通行服务程序出现严重错误,需要被关闭
2019-01-04 18:10:20 [main] ERROR com.dyw.queue.controller.Egci -错误：
org.apache.ibatis.exceptions.PersistenceException: 
### Error building SqlSession.
### The error may exist in mapping/staffMapper.xml
### The error occurred while processing mapper_resultMap[StaffList]
### Cause: org.apache.ibatis.builder.BuilderException: Error parsing SQL Mapper Configuration. Cause: org.apache.ibatis.builder.BuilderException: Error parsing Mapper XML. Cause: org.apache.ibatis.builder.BuilderException: Error resolving class. Cause: org.apache.ibatis.type.TypeException: Could not resolve type alias 'StaffEntity'.  Cause: java.lang.ClassNotFoundException: Cannot find class: StaffEntity
	at org.apache.ibatis.exceptions.ExceptionFactory.wrapException(ExceptionFactory.java:26)
	at org.apache.ibatis.session.SqlSessionFactoryBuilder.build(SqlSessionFactoryBuilder.java:82)
	at org.apache.ibatis.session.SqlSessionFactoryBuilder.build(SqlSessionFactoryBuilder.java:66)
	at com.dyw.queue.controller.Egci.<init>(Egci.java:56)
	at com.dyw.queue.controller.Egci.main(Egci.java:315)
Caused by: org.apache.ibatis.builder.BuilderException: Error parsing SQL Mapper Configuration. Cause: org.apache.ibatis.builder.BuilderException: Error parsing Mapper XML. Cause: org.apache.ibatis.builder.BuilderException: Error resolving class. Cause: org.apache.ibatis.type.TypeException: Could not resolve type alias 'StaffEntity'.  Cause: java.lang.ClassNotFoundException: Cannot find class: StaffEntity
	at org.apache.ibatis.builder.xml.XMLConfigBuilder.parseConfiguration(XMLConfigBuilder.java:109)
	at org.apache.ibatis.builder.xml.XMLConfigBuilder.parse(XMLConfigBuilder.java:92)
	at org.apache.ibatis.session.SqlSessionFactoryBuilder.build(SqlSessionFactoryBuilder.java:80)
	... 3 common frames omitted
Caused by: org.apache.ibatis.builder.BuilderException: Error parsing Mapper XML. Cause: org.apache.ibatis.builder.BuilderException: Error resolving class. Cause: org.apache.ibatis.type.TypeException: Could not resolve type alias 'StaffEntity'.  Cause: java.lang.ClassNotFoundException: Cannot find class: StaffEntity
	at org.apache.ibatis.builder.xml.XMLMapperBuilder.configurationElement(XMLMapperBuilder.java:120)
	at org.apache.ibatis.builder.xml.XMLMapperBuilder.parse(XMLMapperBuilder.java:92)
	at org.apache.ibatis.builder.xml.XMLConfigBuilder.mapperElement(XMLConfigBuilder.java:322)
	at org.apache.ibatis.builder.xml.XMLConfigBuilder.parseConfiguration(XMLConfigBuilder.java:107)
	... 5 common frames omitted
Caused by: org.apache.ibatis.builder.BuilderException: Error resolving class. Cause: org.apache.ibatis.type.TypeException: Could not resolve type alias 'StaffEntity'.  Cause: java.lang.ClassNotFoundException: Cannot find class: StaffEntity
	at org.apache.ibatis.builder.BaseBuilder.resolveClass(BaseBuilder.java:103)
	at org.apache.ibatis.builder.xml.XMLMapperBuilder.resultMapElement(XMLMapperBuilder.java:264)
	at org.apache.ibatis.builder.xml.XMLMapperBuilder.resultMapElement(XMLMapperBuilder.java:251)
	at org.apache.ibatis.builder.xml.XMLMapperBuilder.resultMapElements(XMLMapperBuilder.java:243)
	at org.apache.ibatis.builder.xml.XMLMapperBuilder.configurationElement(XMLMapperBuilder.java:116)
	... 8 common frames omitted
Caused by: org.apache.ibatis.type.TypeException: Could not resolve type alias 'StaffEntity'.  Cause: java.lang.ClassNotFoundException: Cannot find class: StaffEntity
	at org.apache.ibatis.type.TypeAliasRegistry.resolveAlias(TypeAliasRegistry.java:117)
	at org.apache.ibatis.builder.BaseBuilder.resolveAlias(BaseBuilder.java:130)
	at org.apache.ibatis.builder.BaseBuilder.resolveClass(BaseBuilder.java:101)
	... 12 common frames omitted
Caused by: java.lang.ClassNotFoundException: Cannot find class: StaffEntity
	at org.apache.ibatis.io.ClassLoaderWrapper.classForName(ClassLoaderWrapper.java:190)
	at org.apache.ibatis.io.ClassLoaderWrapper.classForName(ClassLoaderWrapper.java:89)
	at org.apache.ibatis.io.Resources.classForName(Resources.java:256)
	at org.apache.ibatis.type.TypeAliasRegistry.resolveAlias(TypeAliasRegistry.java:113)
	... 14 common frames omitted
2019-01-04 18:10:20 [main] ERROR com.dyw.queue.controller.Egci -人脸通行服务程序出现严重错误,需要被关闭
2019-01-04 18:11:42 [main] ERROR com.dyw.queue.controller.Egci -错误：
org.apache.ibatis.exceptions.PersistenceException: 
### Error building SqlSession.
### The error may exist in mapping/*.xml
### Cause: org.apache.ibatis.builder.BuilderException: Error parsing SQL Mapper Configuration. Cause: java.io.IOException: Could not find resource mapping/*.xml
	at org.apache.ibatis.exceptions.ExceptionFactory.wrapException(ExceptionFactory.java:26)
	at org.apache.ibatis.session.SqlSessionFactoryBuilder.build(SqlSessionFactoryBuilder.java:82)
	at org.apache.ibatis.session.SqlSessionFactoryBuilder.build(SqlSessionFactoryBuilder.java:66)
	at com.dyw.queue.controller.Egci.<init>(Egci.java:56)
	at com.dyw.queue.controller.Egci.main(Egci.java:315)
Caused by: org.apache.ibatis.builder.BuilderException: Error parsing SQL Mapper Configuration. Cause: java.io.IOException: Could not find resource mapping/*.xml
	at org.apache.ibatis.builder.xml.XMLConfigBuilder.parseConfiguration(XMLConfigBuilder.java:109)
	at org.apache.ibatis.builder.xml.XMLConfigBuilder.parse(XMLConfigBuilder.java:92)
	at org.apache.ibatis.session.SqlSessionFactoryBuilder.build(SqlSessionFactoryBuilder.java:80)
	... 3 common frames omitted
Caused by: java.io.IOException: Could not find resource mapping/*.xml
	at org.apache.ibatis.io.Resources.getResourceAsStream(Resources.java:110)
	at org.apache.ibatis.io.Resources.getResourceAsStream(Resources.java:97)
	at org.apache.ibatis.builder.xml.XMLConfigBuilder.mapperElement(XMLConfigBuilder.java:320)
	at org.apache.ibatis.builder.xml.XMLConfigBuilder.parseConfiguration(XMLConfigBuilder.java:107)
	... 5 common frames omitted
2019-01-04 18:11:42 [main] ERROR com.dyw.queue.controller.Egci -人脸通行服务程序出现严重错误,需要被关闭
2019-01-04 18:12:05 [main] ERROR com.dyw.queue.controller.Egci -错误：
org.apache.ibatis.exceptions.PersistenceException: 
### Error building SqlSession.
### The error may exist in mapping/equipmentMapper.xml
### The error occurred while processing mapper_resultMap[StaffList]
### Cause: org.apache.ibatis.builder.BuilderException: Error parsing SQL Mapper Configuration. Cause: org.apache.ibatis.builder.BuilderException: Error parsing Mapper XML. Cause: org.apache.ibatis.builder.BuilderException: Error resolving class. Cause: org.apache.ibatis.type.TypeException: Could not resolve type alias 'StaffEntity'.  Cause: java.lang.ClassNotFoundException: Cannot find class: StaffEntity
	at org.apache.ibatis.exceptions.ExceptionFactory.wrapException(ExceptionFactory.java:26)
	at org.apache.ibatis.session.SqlSessionFactoryBuilder.build(SqlSessionFactoryBuilder.java:82)
	at org.apache.ibatis.session.SqlSessionFactoryBuilder.build(SqlSessionFactoryBuilder.java:66)
	at com.dyw.queue.controller.Egci.<init>(Egci.java:56)
	at com.dyw.queue.controller.Egci.main(Egci.java:315)
Caused by: org.apache.ibatis.builder.BuilderException: Error parsing SQL Mapper Configuration. Cause: org.apache.ibatis.builder.BuilderException: Error parsing Mapper XML. Cause: org.apache.ibatis.builder.BuilderException: Error resolving class. Cause: org.apache.ibatis.type.TypeException: Could not resolve type alias 'StaffEntity'.  Cause: java.lang.ClassNotFoundException: Cannot find class: StaffEntity
	at org.apache.ibatis.builder.xml.XMLConfigBuilder.parseConfiguration(XMLConfigBuilder.java:109)
	at org.apache.ibatis.builder.xml.XMLConfigBuilder.parse(XMLConfigBuilder.java:92)
	at org.apache.ibatis.session.SqlSessionFactoryBuilder.build(SqlSessionFactoryBuilder.java:80)
	... 3 common frames omitted
Caused by: org.apache.ibatis.builder.BuilderException: Error parsing Mapper XML. Cause: org.apache.ibatis.builder.BuilderException: Error resolving class. Cause: org.apache.ibatis.type.TypeException: Could not resolve type alias 'StaffEntity'.  Cause: java.lang.ClassNotFoundException: Cannot find class: StaffEntity
	at org.apache.ibatis.builder.xml.XMLMapperBuilder.configurationElement(XMLMapperBuilder.java:120)
	at org.apache.ibatis.builder.xml.XMLMapperBuilder.parse(XMLMapperBuilder.java:92)
	at org.apache.ibatis.builder.xml.XMLConfigBuilder.mapperElement(XMLConfigBuilder.java:322)
	at org.apache.ibatis.builder.xml.XMLConfigBuilder.parseConfiguration(XMLConfigBuilder.java:107)
	... 5 common frames omitted
Caused by: org.apache.ibatis.builder.BuilderException: Error resolving class. Cause: org.apache.ibatis.type.TypeException: Could not resolve type alias 'StaffEntity'.  Cause: java.lang.ClassNotFoundException: Cannot find class: StaffEntity
	at org.apache.ibatis.builder.BaseBuilder.resolveClass(BaseBuilder.java:103)
	at org.apache.ibatis.builder.xml.XMLMapperBuilder.resultMapElement(XMLMapperBuilder.java:264)
	at org.apache.ibatis.builder.xml.XMLMapperBuilder.resultMapElement(XMLMapperBuilder.java:251)
	at org.apache.ibatis.builder.xml.XMLMapperBuilder.resultMapElements(XMLMapperBuilder.java:243)
	at org.apache.ibatis.builder.xml.XMLMapperBuilder.configurationElement(XMLMapperBuilder.java:116)
	... 8 common frames omitted
Caused by: org.apache.ibatis.type.TypeException: Could not resolve type alias 'StaffEntity'.  Cause: java.lang.ClassNotFoundException: Cannot find class: StaffEntity
	at org.apache.ibatis.type.TypeAliasRegistry.resolveAlias(TypeAliasRegistry.java:117)
	at org.apache.ibatis.builder.BaseBuilder.resolveAlias(BaseBuilder.java:130)
	at org.apache.ibatis.builder.BaseBuilder.resolveClass(BaseBuilder.java:101)
	... 12 common frames omitted
Caused by: java.lang.ClassNotFoundException: Cannot find class: StaffEntity
	at org.apache.ibatis.io.ClassLoaderWrapper.classForName(ClassLoaderWrapper.java:190)
	at org.apache.ibatis.io.ClassLoaderWrapper.classForName(ClassLoaderWrapper.java:89)
	at org.apache.ibatis.io.Resources.classForName(Resources.java:256)
	at org.apache.ibatis.type.TypeAliasRegistry.resolveAlias(TypeAliasRegistry.java:113)
	... 14 common frames omitted
2019-01-04 18:12:05 [main] ERROR com.dyw.queue.controller.Egci -人脸通行服务程序出现严重错误,需要被关闭
2019-01-04 18:13:15 [main] ERROR com.dyw.queue.controller.Egci -错误：
org.apache.ibatis.exceptions.PersistenceException: 
### Error querying database.  Cause: java.lang.IllegalArgumentException: Mapped Statements collection does not contain value for mapping.equipment.getAllEquipment
### Cause: java.lang.IllegalArgumentException: Mapped Statements collection does not contain value for mapping.equipment.getAllEquipment
	at org.apache.ibatis.exceptions.ExceptionFactory.wrapException(ExceptionFactory.java:26)
	at org.apache.ibatis.session.defaults.DefaultSqlSession.selectList(DefaultSqlSession.java:111)
	at org.apache.ibatis.session.defaults.DefaultSqlSession.selectList(DefaultSqlSession.java:102)
	at com.dyw.queue.controller.Egci.<init>(Egci.java:60)
	at com.dyw.queue.controller.Egci.main(Egci.java:315)
Caused by: java.lang.IllegalArgumentException: Mapped Statements collection does not contain value for mapping.equipment.getAllEquipment
	at org.apache.ibatis.session.Configuration$StrictMap.get(Configuration.java:797)
	at org.apache.ibatis.session.Configuration.getMappedStatement(Configuration.java:631)
	at org.apache.ibatis.session.Configuration.getMappedStatement(Configuration.java:624)
	at org.apache.ibatis.session.defaults.DefaultSqlSession.selectList(DefaultSqlSession.java:107)
	... 3 common frames omitted
2019-01-04 18:13:15 [main] ERROR com.dyw.queue.controller.Egci -人脸通行服务程序出现严重错误,需要被关闭
2019-01-04 18:15:22 [main] ERROR com.dyw.queue.controller.Egci -错误：
org.apache.ibatis.exceptions.PersistenceException: 
### Error querying database.  Cause: java.lang.IllegalArgumentException: Mapped Statements collection does not contain value for mapping.equipment.getAllEquipment
### Cause: java.lang.IllegalArgumentException: Mapped Statements collection does not contain value for mapping.equipment.getAllEquipment
	at org.apache.ibatis.exceptions.ExceptionFactory.wrapException(ExceptionFactory.java:26)
	at org.apache.ibatis.session.defaults.DefaultSqlSession.selectList(DefaultSqlSession.java:111)
	at org.apache.ibatis.session.defaults.DefaultSqlSession.selectList(DefaultSqlSession.java:102)
	at com.dyw.queue.controller.Egci.<init>(Egci.java:60)
	at com.dyw.queue.controller.Egci.main(Egci.java:315)
Caused by: java.lang.IllegalArgumentException: Mapped Statements collection does not contain value for mapping.equipment.getAllEquipment
	at org.apache.ibatis.session.Configuration$StrictMap.get(Configuration.java:797)
	at org.apache.ibatis.session.Configuration.getMappedStatement(Configuration.java:631)
	at org.apache.ibatis.session.Configuration.getMappedStatement(Configuration.java:624)
	at org.apache.ibatis.session.defaults.DefaultSqlSession.selectList(DefaultSqlSession.java:107)
	... 3 common frames omitted
2019-01-04 18:15:22 [main] ERROR com.dyw.queue.controller.Egci -人脸通行服务程序出现严重错误,需要被关闭
2019-01-04 18:17:05 [main] ERROR com.dyw.queue.controller.Egci -错误：
org.apache.ibatis.exceptions.PersistenceException: 
### Error querying database.  Cause: java.lang.IllegalArgumentException: Mapped Statements collection does not contain value for mapping.equipment.getAllEquipment
### Cause: java.lang.IllegalArgumentException: Mapped Statements collection does not contain value for mapping.equipment.getAllEquipment
	at org.apache.ibatis.exceptions.ExceptionFactory.wrapException(ExceptionFactory.java:26)
	at org.apache.ibatis.session.defaults.DefaultSqlSession.selectList(DefaultSqlSession.java:111)
	at org.apache.ibatis.session.defaults.DefaultSqlSession.selectList(DefaultSqlSession.java:102)
	at com.dyw.queue.controller.Egci.<init>(Egci.java:60)
	at com.dyw.queue.controller.Egci.main(Egci.java:315)
Caused by: java.lang.IllegalArgumentException: Mapped Statements collection does not contain value for mapping.equipment.getAllEquipment
	at org.apache.ibatis.session.Configuration$StrictMap.get(Configuration.java:797)
	at org.apache.ibatis.session.Configuration.getMappedStatement(Configuration.java:631)
	at org.apache.ibatis.session.Configuration.getMappedStatement(Configuration.java:624)
	at org.apache.ibatis.session.defaults.DefaultSqlSession.selectList(DefaultSqlSession.java:107)
	... 3 common frames omitted
2019-01-04 18:17:05 [main] ERROR com.dyw.queue.controller.Egci -人脸通行服务程序出现严重错误,需要被关闭
2019-01-04 18:20:28 [main] ERROR com.dyw.queue.controller.Egci -错误：
org.apache.ibatis.exceptions.PersistenceException: 
### Error querying database.  Cause: java.lang.IllegalArgumentException: Mapped Statements collection does not contain value for mapping.equipment.getAllEquipment
### Cause: java.lang.IllegalArgumentException: Mapped Statements collection does not contain value for mapping.equipment.getAllEquipment
	at org.apache.ibatis.exceptions.ExceptionFactory.wrapException(ExceptionFactory.java:26)
	at org.apache.ibatis.session.defaults.DefaultSqlSession.selectList(DefaultSqlSession.java:111)
	at org.apache.ibatis.session.defaults.DefaultSqlSession.selectList(DefaultSqlSession.java:102)
	at com.dyw.queue.controller.Egci.<init>(Egci.java:60)
	at com.dyw.queue.controller.Egci.main(Egci.java:315)
Caused by: java.lang.IllegalArgumentException: Mapped Statements collection does not contain value for mapping.equipment.getAllEquipment
	at org.apache.ibatis.session.Configuration$StrictMap.get(Configuration.java:797)
	at org.apache.ibatis.session.Configuration.getMappedStatement(Configuration.java:631)
	at org.apache.ibatis.session.Configuration.getMappedStatement(Configuration.java:624)
	at org.apache.ibatis.session.defaults.DefaultSqlSession.selectList(DefaultSqlSession.java:107)
	... 3 common frames omitted
2019-01-04 18:20:28 [main] ERROR com.dyw.queue.controller.Egci -人脸通行服务程序出现严重错误,需要被关闭
2019-01-04 18:21:25 [main] ERROR com.dyw.queue.controller.Egci -错误：
org.apache.ibatis.exceptions.PersistenceException: 
### Error querying database.  Cause: java.lang.IllegalArgumentException: Mapped Statements collection does not contain value for mapping.equipment.getAllEquipment
### Cause: java.lang.IllegalArgumentException: Mapped Statements collection does not contain value for mapping.equipment.getAllEquipment
	at org.apache.ibatis.exceptions.ExceptionFactory.wrapException(ExceptionFactory.java:26)
	at org.apache.ibatis.session.defaults.DefaultSqlSession.selectList(DefaultSqlSession.java:111)
	at org.apache.ibatis.session.defaults.DefaultSqlSession.selectList(DefaultSqlSession.java:102)
	at com.dyw.queue.controller.Egci.<init>(Egci.java:61)
	at com.dyw.queue.controller.Egci.main(Egci.java:316)
Caused by: java.lang.IllegalArgumentException: Mapped Statements collection does not contain value for mapping.equipment.getAllEquipment
	at org.apache.ibatis.session.Configuration$StrictMap.get(Configuration.java:797)
	at org.apache.ibatis.session.Configuration.getMappedStatement(Configuration.java:631)
	at org.apache.ibatis.session.Configuration.getMappedStatement(Configuration.java:624)
	at org.apache.ibatis.session.defaults.DefaultSqlSession.selectList(DefaultSqlSession.java:107)
	... 3 common frames omitted
2019-01-04 18:21:25 [main] ERROR com.dyw.queue.controller.Egci -人脸通行服务程序出现严重错误,需要被关闭
2019-01-04 21:19:53 [Thread-3] ERROR com.dyw.queue.service.OnguardService -接收onGuard数据出错：
java.net.ConnectException: Connection refused: connect
	at java.net.DualStackPlainSocketImpl.connect0(Native Method)
	at java.net.DualStackPlainSocketImpl.socketConnect(DualStackPlainSocketImpl.java:79)
	at java.net.AbstractPlainSocketImpl.doConnect(AbstractPlainSocketImpl.java:339)
	at java.net.AbstractPlainSocketImpl.connectToAddress(AbstractPlainSocketImpl.java:200)
	at java.net.AbstractPlainSocketImpl.connect(AbstractPlainSocketImpl.java:182)
	at java.net.PlainSocketImpl.connect(PlainSocketImpl.java:172)
	at java.net.SocksSocketImpl.connect(SocksSocketImpl.java:392)
	at java.net.Socket.connect(Socket.java:579)
	at java.net.Socket.connect(Socket.java:528)
	at java.net.Socket.<init>(Socket.java:425)
	at java.net.Socket.<init>(Socket.java:208)
	at com.dyw.queue.service.OnguardService.run(OnguardService.java:16)
2019-01-04 22:00:57 [Thread-3] ERROR com.dyw.queue.service.OnguardService -接收onGuard数据出错：
java.net.SocketException: Connection reset
	at java.net.SocketInputStream.read(SocketInputStream.java:196)
	at java.net.SocketInputStream.read(SocketInputStream.java:122)
	at sun.nio.cs.StreamDecoder.readBytes(StreamDecoder.java:283)
	at sun.nio.cs.StreamDecoder.implRead(StreamDecoder.java:325)
	at sun.nio.cs.StreamDecoder.read(StreamDecoder.java:177)
	at java.io.InputStreamReader.read(InputStreamReader.java:184)
	at java.io.BufferedReader.fill(BufferedReader.java:154)
	at java.io.BufferedReader.readLine(BufferedReader.java:317)
	at java.io.BufferedReader.readLine(BufferedReader.java:382)
	at com.dyw.queue.service.OnguardService.run(OnguardService.java:21)
2019-01-04 22:05:44 [Thread-3] ERROR com.dyw.queue.service.OnguardService -接收onGuard数据出错：
java.net.ConnectException: Connection refused: connect
	at java.net.DualStackPlainSocketImpl.connect0(Native Method)
	at java.net.DualStackPlainSocketImpl.socketConnect(DualStackPlainSocketImpl.java:79)
	at java.net.AbstractPlainSocketImpl.doConnect(AbstractPlainSocketImpl.java:339)
	at java.net.AbstractPlainSocketImpl.connectToAddress(AbstractPlainSocketImpl.java:200)
	at java.net.AbstractPlainSocketImpl.connect(AbstractPlainSocketImpl.java:182)
	at java.net.PlainSocketImpl.connect(PlainSocketImpl.java:172)
	at java.net.SocksSocketImpl.connect(SocksSocketImpl.java:392)
	at java.net.Socket.connect(Socket.java:579)
	at java.net.Socket.connect(Socket.java:528)
	at java.net.Socket.<init>(Socket.java:425)
	at java.net.Socket.<init>(Socket.java:208)
	at com.dyw.queue.service.OnguardService.run(OnguardService.java:16)
2019-01-04 22:07:43 [Thread-3] ERROR com.dyw.queue.service.OnguardService -接收onGuard数据出错：
java.net.SocketException: Connection reset
	at java.net.SocketInputStream.read(SocketInputStream.java:196)
	at java.net.SocketInputStream.read(SocketInputStream.java:122)
	at sun.nio.cs.StreamDecoder.readBytes(StreamDecoder.java:283)
	at sun.nio.cs.StreamDecoder.implRead(StreamDecoder.java:325)
	at sun.nio.cs.StreamDecoder.read(StreamDecoder.java:177)
	at java.io.InputStreamReader.read(InputStreamReader.java:184)
	at java.io.BufferedReader.fill(BufferedReader.java:154)
	at java.io.BufferedReader.readLine(BufferedReader.java:317)
	at java.io.BufferedReader.readLine(BufferedReader.java:382)
	at com.dyw.queue.service.OnguardService.run(OnguardService.java:21)
2019-01-04 22:38:50 [Thread-3] ERROR com.dyw.queue.service.OnguardService -接收onGuard数据出错：
java.net.ConnectException: Connection refused: connect
	at java.net.DualStackPlainSocketImpl.connect0(Native Method)
	at java.net.DualStackPlainSocketImpl.socketConnect(DualStackPlainSocketImpl.java:79)
	at java.net.AbstractPlainSocketImpl.doConnect(AbstractPlainSocketImpl.java:339)
	at java.net.AbstractPlainSocketImpl.connectToAddress(AbstractPlainSocketImpl.java:200)
	at java.net.AbstractPlainSocketImpl.connect(AbstractPlainSocketImpl.java:182)
	at java.net.PlainSocketImpl.connect(PlainSocketImpl.java:172)
	at java.net.SocksSocketImpl.connect(SocksSocketImpl.java:392)
	at java.net.Socket.connect(Socket.java:579)
	at java.net.Socket.connect(Socket.java:528)
	at java.net.Socket.<init>(Socket.java:425)
	at java.net.Socket.<init>(Socket.java:208)
	at com.dyw.queue.service.OnguardService.run(OnguardService.java:16)
2019-01-04 22:39:19 [Thread-3] ERROR com.dyw.queue.service.OnguardService -接收onGuard数据出错：
java.net.SocketException: Connection reset
	at java.net.SocketInputStream.read(SocketInputStream.java:196)
	at java.net.SocketInputStream.read(SocketInputStream.java:122)
	at sun.nio.cs.StreamDecoder.readBytes(StreamDecoder.java:283)
	at sun.nio.cs.StreamDecoder.implRead(StreamDecoder.java:325)
	at sun.nio.cs.StreamDecoder.read(StreamDecoder.java:177)
	at java.io.InputStreamReader.read(InputStreamReader.java:184)
	at java.io.BufferedReader.fill(BufferedReader.java:154)
	at java.io.BufferedReader.readLine(BufferedReader.java:317)
	at java.io.BufferedReader.readLine(BufferedReader.java:382)
	at com.dyw.queue.service.OnguardService.run(OnguardService.java:21)
2019-01-04 22:40:26 [Thread-3] ERROR com.dyw.queue.service.OnguardService -接收onGuard数据出错：
java.net.ConnectException: Connection refused: connect
	at java.net.DualStackPlainSocketImpl.connect0(Native Method)
	at java.net.DualStackPlainSocketImpl.socketConnect(DualStackPlainSocketImpl.java:79)
	at java.net.AbstractPlainSocketImpl.doConnect(AbstractPlainSocketImpl.java:339)
	at java.net.AbstractPlainSocketImpl.connectToAddress(AbstractPlainSocketImpl.java:200)
	at java.net.AbstractPlainSocketImpl.connect(AbstractPlainSocketImpl.java:182)
	at java.net.PlainSocketImpl.connect(PlainSocketImpl.java:172)
	at java.net.SocksSocketImpl.connect(SocksSocketImpl.java:392)
	at java.net.Socket.connect(Socket.java:579)
	at java.net.Socket.connect(Socket.java:528)
	at java.net.Socket.<init>(Socket.java:425)
	at java.net.Socket.<init>(Socket.java:208)
	at com.dyw.queue.service.OnguardService.run(OnguardService.java:16)
2019-01-04 22:42:10 [Thread-3] ERROR com.dyw.queue.service.OnguardService -接收onGuard数据出错：
java.net.ConnectException: Connection refused: connect
	at java.net.DualStackPlainSocketImpl.connect0(Native Method)
	at java.net.DualStackPlainSocketImpl.socketConnect(DualStackPlainSocketImpl.java:79)
	at java.net.AbstractPlainSocketImpl.doConnect(AbstractPlainSocketImpl.java:339)
	at java.net.AbstractPlainSocketImpl.connectToAddress(AbstractPlainSocketImpl.java:200)
	at java.net.AbstractPlainSocketImpl.connect(AbstractPlainSocketImpl.java:182)
	at java.net.PlainSocketImpl.connect(PlainSocketImpl.java:172)
	at java.net.SocksSocketImpl.connect(SocksSocketImpl.java:392)
	at java.net.Socket.connect(Socket.java:579)
	at java.net.Socket.connect(Socket.java:528)
	at java.net.Socket.<init>(Socket.java:425)
	at java.net.Socket.<init>(Socket.java:208)
	at com.dyw.queue.service.OnguardService.run(OnguardService.java:16)
